
-----------------------------------------------------------------

ImmutableMultiDict([('synthetic', '50'), ('pr', '50'), ('tiny_vertex_scale', '50'), ('Online social network', '50'), ('hits', '50'), ('small_vertex_scale', '50'), ('Hyperlink network', '50'), ('sssp', '50'), ('medium_vertex_scale', '50'), ('Infrastructure network', '50'), ('bfs', '50'), ('large_vertex_scale', '50'), ('Rating network', '50')])

-----------------------------------------------------------------


-----------------------------------------------------------------

[{'pos': 1, 'arch': 'intel_xeon_6140_dual_socket', 'rating': '7.98'}, {'pos': 2, 'arch': 'intel_xeon_6140', 'rating': '6.07'}, {'pos': 3, 'arch': 'kunpeng_920_64_core_dual_socket', 'rating': '5.54'}, {'pos': 4, 'arch': 'kunpeng_920_48_core_dual_socket', 'rating': '5.54'}, {'pos': 5, 'arch': 'kunpeng_920_64_core', 'rating': '5.35'}, {'pos': 6, 'arch': 'kunpeng_920_48_core', 'rating': '5.18'}, {'pos': 7, 'arch': 'intel_xeon_6240', 'rating': '2.34'}]

-----------------------------------------------------------------

{'bfs': {'road_california': [{'_id': ObjectId('60f5da6969d3619336ac24d3'),
                              'arch_name': 'intel_xeon_6140',
                              'perf_val': 1989.81},
                             {'_id': ObjectId('60f5da7269d3619336ac2519'),
                              'arch_name': 'kunpeng_920_48_core',
                              'perf_val': 3160.12},
                             {'_id': ObjectId('60f5dc5569d3619336ac255f'),
                              'arch_name': 'kunpeng_920_48_core_dual_socket',
                              'perf_val': 474.21},
                             {'_id': ObjectId('60f5de6669d3619336ac25a5'),
                              'arch_name': 'intel_xeon_6140_dual_socket',
                              'perf_val': 2082.77},
                             {'_id': ObjectId('60f5df5d69d3619336ac25eb'),
                              'arch_name': 'kunpeng_920_64_core',
                              'perf_val': 569.813},
                             {'_id': ObjectId('60f5e6c069d3619336ac2631'),
                              'arch_name': 'intel_xeon_6240',
                              'perf_val': 0.0},
                             {'_id': ObjectId('60f5e94e69d3619336ac2700'),
                              'arch_name': 'kunpeng_920_64_core_dual_socket',
                              'perf_val': 199.251}],
         'road_central_us': [],
         'road_full_us': [],
         'soc_livejournal': [{'_id': ObjectId('60f5da6969d3619336ac24d4'),
                              'arch_name': 'intel_xeon_6140',
                              'perf_val': 1381.34},
                             {'_id': ObjectId('60f5da7269d3619336ac251a'),
                              'arch_name': 'kunpeng_920_48_core',
                              'perf_val': 1428.15},
                             {'_id': ObjectId('60f5dc5569d3619336ac2560'),
                              'arch_name': 'kunpeng_920_48_core_dual_socket',
                              'perf_val': 833.998},
                             {'_id': ObjectId('60f5de6669d3619336ac25a6'),
                              'arch_name': 'intel_xeon_6140_dual_socket',
                              'perf_val': 1765.64},
                             {'_id': ObjectId('60f5df5d69d3619336ac25ec'),
                              'arch_name': 'kunpeng_920_64_core',
                              'perf_val': 1023.95},
                             {'_id': ObjectId('60f5e6c069d3619336ac2632'),
                              'arch_name': 'intel_xeon_6240',
                              'perf_val': 542.731},
                             {'_id': ObjectId('60f5e94e69d3619336ac2701'),
                              'arch_name': 'kunpeng_920_64_core_dual_socket',
                              'perf_val': 575.666}],
         'soc_orkut': [{'_id': ObjectId('60f5da6969d3619336ac24d7'),
                        'arch_name': 'intel_xeon_6140',
                        'perf_val': 8967.75},
                       {'_id': ObjectId('60f5da7269d3619336ac251d'),
                        'arch_name': 'kunpeng_920_48_core',
                        'perf_val': 9730.48},
                       {'_id': ObjectId('60f5dc5569d3619336ac2563'),
                        'arch_name': 'kunpeng_920_48_core_dual_socket',
                        'perf_val': 1023.2},
                       {'_id': ObjectId('60f5de6669d3619336ac25a9'),
                        'arch_name': 'intel_xeon_6140_dual_socket',
                        'perf_val': 10911.1},
                       {'_id': ObjectId('60f5df5d69d3619336ac25ef'),
                        'arch_name': 'kunpeng_920_64_core',
                        'perf_val': 1727.09},
                       {'_id': ObjectId('60f5e6c069d3619336ac2635'),
                        'arch_name': 'intel_xeon_6240',
                        'perf_val': 4639.8},
                       {'_id': ObjectId('60f5e94e69d3619336ac2704'),
                        'arch_name': 'kunpeng_920_64_core_dual_socket',
                        'perf_val': 613.929}],
         'soc_pokec': [{'_id': ObjectId('60f5da6969d3619336ac24d1'),
                        'arch_name': 'intel_xeon_6140',
                        'perf_val': 1599.79},
                       {'_id': ObjectId('60f5da7269d3619336ac2517'),
                        'arch_name': 'kunpeng_920_48_core',
                        'perf_val': 1428.45},
                       {'_id': ObjectId('60f5dc5569d3619336ac255d'),
                        'arch_name': 'kunpeng_920_48_core_dual_socket',
                        'perf_val': 515.536},
                       {'_id': ObjectId('60f5de6669d3619336ac25a3'),
                        'arch_name': 'intel_xeon_6140_dual_socket',
                        'perf_val': 1800.86},
                       {'_id': ObjectId('60f5df5d69d3619336ac25e9'),
                        'arch_name': 'kunpeng_920_64_core',
                        'perf_val': 706.404},
                       {'_id': ObjectId('60f5e6c069d3619336ac262f'),
                        'arch_name': 'intel_xeon_6240',
                        'perf_val': 643.812},
                       {'_id': ObjectId('60f5e94e69d3619336ac26fe'),
                        'arch_name': 'kunpeng_920_64_core_dual_socket',
                        'perf_val': 324.816}],
         'syn_rmat_18_32': [{'_id': ObjectId('60f5da6969d3619336ac24c8'),
                             'arch_name': 'intel_xeon_6140',
                             'perf_val': 2588.48},
                            {'_id': ObjectId('60f5da7269d3619336ac250e'),
                             'arch_name': 'kunpeng_920_48_core',
                             'perf_val': 2467.57},
                            {'_id': ObjectId('60f5dc5569d3619336ac2554'),
                             'arch_name': 'kunpeng_920_48_core_dual_socket',
                             'perf_val': 318.485},
                            {'_id': ObjectId('60f5de6669d3619336ac259a'),
                             'arch_name': 'intel_xeon_6140_dual_socket',
                             'perf_val': 1689.24},
                            {'_id': ObjectId('60f5df5d69d3619336ac25e0'),
                             'arch_name': 'kunpeng_920_64_core',
                             'perf_val': 444.601},
                            {'_id': ObjectId('60f5e6c069d3619336ac2626'),
                             'arch_name': 'intel_xeon_6240',
                             'perf_val': 1715.05},
                            {'_id': ObjectId('60f5e94e69d3619336ac26f5'),
                             'arch_name': 'kunpeng_920_64_core_dual_socket',
                             'perf_val': 182.709}],
         'syn_rmat_20_32': [{'_id': ObjectId('60f5da6969d3619336ac24c9'),
                             'arch_name': 'intel_xeon_6140',
                             'perf_val': 3036.52},
                            {'_id': ObjectId('60f5da7269d3619336ac250f'),
                             'arch_name': 'kunpeng_920_48_core',
                             'perf_val': 3827.78},
                            {'_id': ObjectId('60f5dc5569d3619336ac2555'),
                             'arch_name': 'kunpeng_920_48_core_dual_socket',
                             'perf_val': 1184.65},
                            {'_id': ObjectId('60f5de6669d3619336ac259b'),
                             'arch_name': 'intel_xeon_6140_dual_socket',
                             'perf_val': 2872.33},
                            {'_id': ObjectId('60f5df5d69d3619336ac25e1'),
                             'arch_name': 'kunpeng_920_64_core',
                             'perf_val': 1569.56},
                            {'_id': ObjectId('60f5e6c069d3619336ac2627'),
                             'arch_name': 'intel_xeon_6240',
                             'perf_val': 1536.76},
                            {'_id': ObjectId('60f5e94e69d3619336ac26f6'),
                             'arch_name': 'kunpeng_920_64_core_dual_socket',
                             'perf_val': 646.178}],
         'syn_rmat_22_32': [{'_id': ObjectId('60f5da6969d3619336ac24ca'),
                             'arch_name': 'intel_xeon_6140',
                             'perf_val': 2778.25},
                            {'_id': ObjectId('60f5da7269d3619336ac2510'),
                             'arch_name': 'kunpeng_920_48_core',
                             'perf_val': 2918.93},
                            {'_id': ObjectId('60f5dc5569d3619336ac2556'),
                             'arch_name': 'kunpeng_920_48_core_dual_socket',
                             'perf_val': 1629.1},
                            {'_id': ObjectId('60f5de6669d3619336ac259c'),
                             'arch_name': 'intel_xeon_6140_dual_socket',
                             'perf_val': 3053.24},
                            {'_id': ObjectId('60f5df5d69d3619336ac25e2'),
                             'arch_name': 'kunpeng_920_64_core',
                             'perf_val': 2357.13},
                            {'_id': ObjectId('60f5e6c069d3619336ac2628'),
                             'arch_name': 'intel_xeon_6240',
                             'perf_val': 1070.43},
                            {'_id': ObjectId('60f5e94e69d3619336ac26f7'),
                             'arch_name': 'kunpeng_920_64_core_dual_socket',
                             'perf_val': 1422.1}],
         'syn_rmat_23_32': [{'_id': ObjectId('60f5da6969d3619336ac24cb'),
                             'arch_name': 'intel_xeon_6140',
                             'perf_val': 2441.5},
                            {'_id': ObjectId('60f5da7269d3619336ac2511'),
                             'arch_name': 'kunpeng_920_48_core',
                             'perf_val': 2326.88},
                            {'_id': ObjectId('60f5dc5569d3619336ac2557'),
                             'arch_name': 'kunpeng_920_48_core_dual_socket',
                             'perf_val': 2189.02},
                            {'_id': ObjectId('60f5de6669d3619336ac259d'),
                             'arch_name': 'intel_xeon_6140_dual_socket',
                             'perf_val': 3039.66},
                            {'_id': ObjectId('60f5df5d69d3619336ac25e3'),
                             'arch_name': 'kunpeng_920_64_core',
                             'perf_val': 2219.91},
                            {'_id': ObjectId('60f5e6c069d3619336ac2629'),
                             'arch_name': 'intel_xeon_6240',
                             'perf_val': 923.442},
                            {'_id': ObjectId('60f5e94e69d3619336ac26f8'),
                             'arch_name': 'kunpeng_920_64_core_dual_socket',
                             'perf_val': 1570.37}],
         'syn_rmat_25_32': [{'_id': ObjectId('60f5da6969d3619336ac24cc'),
                             'arch_name': 'intel_xeon_6140',
                             'perf_val': 1021.43},
                            {'_id': ObjectId('60f5da7269d3619336ac2512'),
                             'arch_name': 'kunpeng_920_48_core',
                             'perf_val': 1126.45},
                            {'_id': ObjectId('60f5dc5569d3619336ac2558'),
                             'arch_name': 'kunpeng_920_48_core_dual_socket',
                             'perf_val': 1006.66},
                            {'_id': ObjectId('60f5de6669d3619336ac259e'),
                             'arch_name': 'intel_xeon_6140_dual_socket',
                             'perf_val': 1317.67},
                            {'_id': ObjectId('60f5df5d69d3619336ac25e4'),
                             'arch_name': 'kunpeng_920_64_core',
                             'perf_val': 1275.69},
                            {'_id': ObjectId('60f5e6c069d3619336ac262a'),
                             'arch_name': 'intel_xeon_6240',
                             'perf_val': 393.628},
                            {'_id': ObjectId('60f5e94e69d3619336ac26f9'),
                             'arch_name': 'kunpeng_920_64_core_dual_socket',
                             'perf_val': 992.536}],
         'syn_ru_18_32': [{'_id': ObjectId('60f5da6969d3619336ac24cd'),
                           'arch_name': 'intel_xeon_6140',
                           'perf_val': 1857.8},
                          {'_id': ObjectId('60f5da7269d3619336ac2513'),
                           'arch_name': 'kunpeng_920_48_core',
                           'perf_val': 1751.45},
                          {'_id': ObjectId('60f5dc5569d3619336ac2559'),
                           'arch_name': 'kunpeng_920_48_core_dual_socket',
                           'perf_val': 388.27},
                          {'_id': ObjectId('60f5de6669d3619336ac259f'),
                           'arch_name': 'intel_xeon_6140_dual_socket',
                           'perf_val': 2221.53},
                          {'_id': ObjectId('60f5df5d69d3619336ac25e5'),
                           'arch_name': 'kunpeng_920_64_core',
                           'perf_val': 454.503},
                          {'_id': ObjectId('60f5e6c069d3619336ac262b'),
                           'arch_name': 'intel_xeon_6240',
                           'perf_val': 866.429},
                          {'_id': ObjectId('60f5e94e69d3619336ac26fa'),
                           'arch_name': 'kunpeng_920_64_core_dual_socket',
                           'perf_val': 197.235}],
         'syn_ru_20_32': [{'_id': ObjectId('60f5da6969d3619336ac24ce'),
                           'arch_name': 'intel_xeon_6140',
                           'perf_val': 2027.66},
                          {'_id': ObjectId('60f5da7269d3619336ac2514'),
                           'arch_name': 'kunpeng_920_48_core',
                           'perf_val': 1517.85},
                          {'_id': ObjectId('60f5dc5569d3619336ac255a'),
                           'arch_name': 'kunpeng_920_48_core_dual_socket',
                           'perf_val': 1040.11},
                          {'_id': ObjectId('60f5de6669d3619336ac25a0'),
                           'arch_name': 'intel_xeon_6140_dual_socket',
                           'perf_val': 2365.1},
                          {'_id': ObjectId('60f5df5d69d3619336ac25e6'),
                           'arch_name': 'kunpeng_920_64_core',
                           'perf_val': 1110.16},
                          {'_id': ObjectId('60f5e6c069d3619336ac262c'),
                           'arch_name': 'intel_xeon_6240',
                           'perf_val': 695.763},
                          {'_id': ObjectId('60f5e94e69d3619336ac26fb'),
                           'arch_name': 'kunpeng_920_64_core_dual_socket',
                           'perf_val': 648.812}],
         'syn_ru_22_32': [{'_id': ObjectId('60f5da6969d3619336ac24cf'),
                           'arch_name': 'intel_xeon_6140',
                           'perf_val': 2022.95},
                          {'_id': ObjectId('60f5da7269d3619336ac2515'),
                           'arch_name': 'kunpeng_920_48_core',
                           'perf_val': 1342.36},
                          {'_id': ObjectId('60f5dc5569d3619336ac255b'),
                           'arch_name': 'kunpeng_920_48_core_dual_socket',
                           'perf_val': 1517.85},
                          {'_id': ObjectId('60f5de6669d3619336ac25a1'),
                           'arch_name': 'intel_xeon_6140_dual_socket',
                           'perf_val': 2901.24},
                          {'_id': ObjectId('60f5df5d69d3619336ac25e7'),
                           'arch_name': 'kunpeng_920_64_core',
                           'perf_val': 1664.91},
                          {'_id': ObjectId('60f5e6c069d3619336ac262d'),
                           'arch_name': 'intel_xeon_6240',
                           'perf_val': 650.953},
                          {'_id': ObjectId('60f5e94e69d3619336ac26fc'),
                           'arch_name': 'kunpeng_920_64_core_dual_socket',
                           'perf_val': 1279.27}],
         'syn_ru_23_32': [{'_id': ObjectId('60f5da6969d3619336ac24d0'),
                           'arch_name': 'intel_xeon_6140',
                           'perf_val': 1189.08},
                          {'_id': ObjectId('60f5da7269d3619336ac2516'),
                           'arch_name': 'kunpeng_920_48_core',
                           'perf_val': 1277.56},
                          {'_id': ObjectId('60f5dc5569d3619336ac255c'),
                           'arch_name': 'kunpeng_920_48_core_dual_socket',
                           'perf_val': 1431.3},
                          {'_id': ObjectId('60f5de6669d3619336ac25a2'),
                           'arch_name': 'intel_xeon_6140_dual_socket',
                           'perf_val': 2053.67},
                          {'_id': ObjectId('60f5df5d69d3619336ac25e8'),
                           'arch_name': 'kunpeng_920_64_core',
                           'perf_val': 1565.11},
                          {'_id': ObjectId('60f5e6c069d3619336ac262e'),
                           'arch_name': 'intel_xeon_6240',
                           'perf_val': 535.447},
                          {'_id': ObjectId('60f5e94e69d3619336ac26fd'),
                           'arch_name': 'kunpeng_920_64_core_dual_socket',
                           'perf_val': 1364.86}],
         'web_baidu': [{'_id': ObjectId('60f5da6969d3619336ac24d2'),
                        'arch_name': 'intel_xeon_6140',
                        'perf_val': 1080.43},
                       {'_id': ObjectId('60f5da7269d3619336ac2518'),
                        'arch_name': 'kunpeng_920_48_core',
                        'perf_val': 1190.15},
                       {'_id': ObjectId('60f5dc5569d3619336ac255e'),
                        'arch_name': 'kunpeng_920_48_core_dual_socket',
                        'perf_val': 158.085},
                       {'_id': ObjectId('60f5de6669d3619336ac25a4'),
                        'arch_name': 'intel_xeon_6140_dual_socket',
                        'perf_val': 1172.29},
                       {'_id': ObjectId('60f5df5d69d3619336ac25ea'),
                        'arch_name': 'kunpeng_920_64_core',
                        'perf_val': 311.854},
                       {'_id': ObjectId('60f5e6c069d3619336ac2630'),
                        'arch_name': 'intel_xeon_6240',
                        'perf_val': 526.862},
                       {'_id': ObjectId('60f5e94e69d3619336ac26ff'),
                        'arch_name': 'kunpeng_920_64_core_dual_socket',
                        'perf_val': 121.642}],
         'web_dbpedia': [{'_id': ObjectId('60f5da6969d3619336ac24d6'),
                          'arch_name': 'intel_xeon_6140',
                          'perf_val': 646.233},
                         {'_id': ObjectId('60f5da7269d3619336ac251c'),
                          'arch_name': 'kunpeng_920_48_core',
                          'perf_val': 758.935},
                         {'_id': ObjectId('60f5dc5569d3619336ac2562'),
                          'arch_name': 'kunpeng_920_48_core_dual_socket',
                          'perf_val': 461.16},
                         {'_id': ObjectId('60f5de6669d3619336ac25a8'),
                          'arch_name': 'intel_xeon_6140_dual_socket',
                          'perf_val': 1058.8},
                         {'_id': ObjectId('60f5df5d69d3619336ac25ee'),
                          'arch_name': 'kunpeng_920_64_core',
                          'perf_val': 804.549},
                         {'_id': ObjectId('60f5e6c069d3619336ac2634'),
                          'arch_name': 'intel_xeon_6240',
                          'perf_val': 263.201},
                         {'_id': ObjectId('60f5e94e69d3619336ac2703'),
                          'arch_name': 'kunpeng_920_64_core_dual_socket',
                          'perf_val': 346.743}],
         'web_zhishi': [{'_id': ObjectId('60f5da6969d3619336ac24d5'),
                         'arch_name': 'intel_xeon_6140',
                         'perf_val': 13120.3},
                        {'_id': ObjectId('60f5da7269d3619336ac251b'),
                         'arch_name': 'kunpeng_920_48_core',
                         'perf_val': 0.0},
                        {'_id': ObjectId('60f5dc5569d3619336ac2561'),
                         'arch_name': 'kunpeng_920_48_core_dual_socket',
                         'perf_val': 5873.06},
                        {'_id': ObjectId('60f5de6669d3619336ac25a7'),
                         'arch_name': 'intel_xeon_6140_dual_socket',
                         'perf_val': 23091.4},
                        {'_id': ObjectId('60f5df5d69d3619336ac25ed'),
                         'arch_name': 'kunpeng_920_64_core',
                         'perf_val': 13719.4},
                        {'_id': ObjectId('60f5e6c069d3619336ac2633'),
                         'arch_name': 'intel_xeon_6240',
                         'perf_val': 7863.81},
                        {'_id': ObjectId('60f5e94e69d3619336ac2702'),
                         'arch_name': 'kunpeng_920_64_core_dual_socket',
                         'perf_val': 4541.15}]},
 'hits': {'road_california': [{'_id': ObjectId('60f5da6969d3619336ac24c1'),
                               'arch_name': 'intel_xeon_6140',
                               'perf_val': 27.1928},
                              {'_id': ObjectId('60f5da7269d3619336ac2507'),
                               'arch_name': 'kunpeng_920_48_core',
                               'perf_val': 34.4442},
                              {'_id': ObjectId('60f5dc5569d3619336ac254d'),
                               'arch_name': 'kunpeng_920_48_core_dual_socket',
                               'perf_val': 39.4218},
                              {'_id': ObjectId('60f5de6669d3619336ac2593'),
                               'arch_name': 'intel_xeon_6140_dual_socket',
                               'perf_val': 28.4882},
                              {'_id': ObjectId('60f5df5d69d3619336ac25d9'),
                               'arch_name': 'kunpeng_920_64_core',
                               'perf_val': 39.5458},
                              {'_id': ObjectId('60f5e6c069d3619336ac261f'),
                               'arch_name': 'intel_xeon_6240',
                               'perf_val': 12.1947},
                              {'_id': ObjectId('60f5e94e69d3619336ac26ee'),
                               'arch_name': 'kunpeng_920_64_core_dual_socket',
                               'perf_val': 40.8373}],
          'road_central_us': [{'_id': ObjectId('60f5da6969d3619336ac24c4'),
                               'arch_name': 'intel_xeon_6140',
                               'perf_val': 28.6114},
                              {'_id': ObjectId('60f5da7269d3619336ac250a'),
                               'arch_name': 'kunpeng_920_48_core',
                               'perf_val': 39.3668},
                              {'_id': ObjectId('60f5dc5569d3619336ac2550'),
                               'arch_name': 'kunpeng_920_48_core_dual_socket',
                               'perf_val': 56.7658},
                              {'_id': ObjectId('60f5de6669d3619336ac2596'),
                               'arch_name': 'intel_xeon_6140_dual_socket',
                               'perf_val': 41.3888},
                              {'_id': ObjectId('60f5df5d69d3619336ac25dc'),
                               'arch_name': 'kunpeng_920_64_core',
                               'perf_val': 34.8163},
                              {'_id': ObjectId('60f5e6c069d3619336ac2622'),
                               'arch_name': 'intel_xeon_6240',
                               'perf_val': 12.6531},
                              {'_id': ObjectId('60f5e94e69d3619336ac26f1'),
                               'arch_name': 'kunpeng_920_64_core_dual_socket',
                               'perf_val': 57.9181}],
          'road_full_us': [{'_id': ObjectId('60f5da6969d3619336ac24c3'),
                            'arch_name': 'intel_xeon_6140',
                            'perf_val': 28.4629},
                           {'_id': ObjectId('60f5da7269d3619336ac2509'),
                            'arch_name': 'kunpeng_920_48_core',
                            'perf_val': 37.826},
                           {'_id': ObjectId('60f5dc5569d3619336ac254f'),
                            'arch_name': 'kunpeng_920_48_core_dual_socket',
                            'perf_val': 32.5326},
                           {'_id': ObjectId('60f5de6669d3619336ac2595'),
                            'arch_name': 'intel_xeon_6140_dual_socket',
                            'perf_val': 39.8775},
                           {'_id': ObjectId('60f5df5d69d3619336ac25db'),
                            'arch_name': 'kunpeng_920_64_core',
                            'perf_val': 34.161},
                           {'_id': ObjectId('60f5e6c069d3619336ac2621'),
                            'arch_name': 'intel_xeon_6240',
                            'perf_val': 12.469},
                           {'_id': ObjectId('60f5e94e69d3619336ac26f0'),
                            'arch_name': 'kunpeng_920_64_core_dual_socket',
                            'perf_val': 22.1698}],
          'soc_livejournal': [{'_id': ObjectId('60f5da6969d3619336ac24c2'),
                               'arch_name': 'intel_xeon_6140',
                               'perf_val': 96.9681},
                              {'_id': ObjectId('60f5da7269d3619336ac2508'),
                               'arch_name': 'kunpeng_920_48_core',
                               'perf_val': 76.5899},
                              {'_id': ObjectId('60f5dc5569d3619336ac254e'),
                               'arch_name': 'kunpeng_920_48_core_dual_socket',
                               'perf_val': 93.4151},
                              {'_id': ObjectId('60f5de6669d3619336ac2594'),
                               'arch_name': 'intel_xeon_6140_dual_socket',
                               'perf_val': 136.55},
                              {'_id': ObjectId('60f5df5d69d3619336ac25da'),
                               'arch_name': 'kunpeng_920_64_core',
                               'perf_val': 89.7894},
                              {'_id': ObjectId('60f5e6c069d3619336ac2620'),
                               'arch_name': 'intel_xeon_6240',
                               'perf_val': 34.786},
                              {'_id': ObjectId('60f5e94e69d3619336ac26ef'),
                               'arch_name': 'kunpeng_920_64_core_dual_socket',
                               'perf_val': 97.1499}],
          'soc_orkut': [{'_id': ObjectId('60f5da6969d3619336ac24c7'),
                         'arch_name': 'intel_xeon_6140',
                         'perf_val': 143.197},
                        {'_id': ObjectId('60f5da7269d3619336ac250d'),
                         'arch_name': 'kunpeng_920_48_core',
                         'perf_val': 91.0103},
                        {'_id': ObjectId('60f5dc5569d3619336ac2553'),
                         'arch_name': 'kunpeng_920_48_core_dual_socket',
                         'perf_val': 126.839},
                        {'_id': ObjectId('60f5de6669d3619336ac2599'),
                         'arch_name': 'intel_xeon_6140_dual_socket',
                         'perf_val': 201.111},
                        {'_id': ObjectId('60f5df5d69d3619336ac25df'),
                         'arch_name': 'kunpeng_920_64_core',
                         'perf_val': 112.257},
                        {'_id': ObjectId('60f5e6c069d3619336ac2625'),
                         'arch_name': 'intel_xeon_6240',
                         'perf_val': 49.5384},
                        {'_id': ObjectId('60f5e94e69d3619336ac26f4'),
                         'arch_name': 'kunpeng_920_64_core_dual_socket',
                         'perf_val': 128.692}],
          'soc_pokec': [{'_id': ObjectId('60f5da6969d3619336ac24bf'),
                         'arch_name': 'intel_xeon_6140',
                         'perf_val': 122.523},
                        {'_id': ObjectId('60f5da7269d3619336ac2505'),
                         'arch_name': 'kunpeng_920_48_core',
                         'perf_val': 86.8761},
                        {'_id': ObjectId('60f5dc5569d3619336ac254b'),
                         'arch_name': 'kunpeng_920_48_core_dual_socket',
                         'perf_val': 128.485},
                        {'_id': ObjectId('60f5de6669d3619336ac2591'),
                         'arch_name': 'intel_xeon_6140_dual_socket',
                         'perf_val': 162.269},
                        {'_id': ObjectId('60f5df5d69d3619336ac25d7'),
                         'arch_name': 'kunpeng_920_64_core',
                         'perf_val': 107.759},
                        {'_id': ObjectId('60f5e6c069d3619336ac261d'),
                         'arch_name': 'intel_xeon_6240',
                         'perf_val': 45.6383},
                        {'_id': ObjectId('60f5e94e69d3619336ac26ec'),
                         'arch_name': 'kunpeng_920_64_core_dual_socket',
                         'perf_val': 143.914}],
          'syn_rmat_18_32': [{'_id': ObjectId('60f5da6969d3619336ac24b6'),
                              'arch_name': 'intel_xeon_6140',
                              'perf_val': 153.475},
                             {'_id': ObjectId('60f5da7269d3619336ac24fc'),
                              'arch_name': 'kunpeng_920_48_core',
                              'perf_val': 126.564},
                             {'_id': ObjectId('60f5dc5569d3619336ac2542'),
                              'arch_name': 'kunpeng_920_48_core_dual_socket',
                              'perf_val': 137.76},
                             {'_id': ObjectId('60f5de6669d3619336ac2588'),
                              'arch_name': 'intel_xeon_6140_dual_socket',
                              'perf_val': 191.363},
                             {'_id': ObjectId('60f5df5d69d3619336ac25ce'),
                              'arch_name': 'kunpeng_920_64_core',
                              'perf_val': 134.448},
                             {'_id': ObjectId('60f5e6c069d3619336ac2614'),
                              'arch_name': 'intel_xeon_6240',
                              'perf_val': 87.8575},
                             {'_id': ObjectId('60f5e94e69d3619336ac26e3'),
                              'arch_name': 'kunpeng_920_64_core_dual_socket',
                              'perf_val': 131.249}],
          'syn_rmat_20_32': [{'_id': ObjectId('60f5da6969d3619336ac24b7'),
                              'arch_name': 'intel_xeon_6140',
                              'perf_val': 151.913},
                             {'_id': ObjectId('60f5da7269d3619336ac24fd'),
                              'arch_name': 'kunpeng_920_48_core',
                              'perf_val': 139.931},
                             {'_id': ObjectId('60f5dc5569d3619336ac2543'),
                              'arch_name': 'kunpeng_920_48_core_dual_socket',
                              'perf_val': 180.54},
                             {'_id': ObjectId('60f5de6669d3619336ac2589'),
                              'arch_name': 'intel_xeon_6140_dual_socket',
                              'perf_val': 208.649},
                             {'_id': ObjectId('60f5df5d69d3619336ac25cf'),
                              'arch_name': 'kunpeng_920_64_core',
                              'perf_val': 163.879},
                             {'_id': ObjectId('60f5e6c069d3619336ac2615'),
                              'arch_name': 'intel_xeon_6240',
                              'perf_val': 73.5241},
                             {'_id': ObjectId('60f5e94e69d3619336ac26e4'),
                              'arch_name': 'kunpeng_920_64_core_dual_socket',
                              'perf_val': 187.617}],
          'syn_rmat_22_32': [{'_id': ObjectId('60f5da6969d3619336ac24b8'),
                              'arch_name': 'intel_xeon_6140',
                              'perf_val': 126.067},
                             {'_id': ObjectId('60f5da7269d3619336ac24fe'),
                              'arch_name': 'kunpeng_920_48_core',
                              'perf_val': 107.564},
                             {'_id': ObjectId('60f5dc5569d3619336ac2544'),
                              'arch_name': 'kunpeng_920_48_core_dual_socket',
                              'perf_val': 142.763},
                             {'_id': ObjectId('60f5de6669d3619336ac258a'),
                              'arch_name': 'intel_xeon_6140_dual_socket',
                              'perf_val': 194.406},
                             {'_id': ObjectId('60f5df5d69d3619336ac25d0'),
                              'arch_name': 'kunpeng_920_64_core',
                              'perf_val': 124.646},
                             {'_id': ObjectId('60f5e6c069d3619336ac2616'),
                              'arch_name': 'intel_xeon_6240',
                              'perf_val': 47.3399},
                             {'_id': ObjectId('60f5e94e69d3619336ac26e5'),
                              'arch_name': 'kunpeng_920_64_core_dual_socket',
                              'perf_val': 154.648}],
          'syn_rmat_23_32': [{'_id': ObjectId('60f5da6969d3619336ac24b9'),
                              'arch_name': 'intel_xeon_6140',
                              'perf_val': 110.969},
                             {'_id': ObjectId('60f5da7269d3619336ac24ff'),
                              'arch_name': 'kunpeng_920_48_core',
                              'perf_val': 87.6469},
                             {'_id': ObjectId('60f5dc5569d3619336ac2545'),
                              'arch_name': 'kunpeng_920_48_core_dual_socket',
                              'perf_val': 79.4758},
                             {'_id': ObjectId('60f5de6669d3619336ac258b'),
                              'arch_name': 'intel_xeon_6140_dual_socket',
                              'perf_val': 165.278},
                             {'_id': ObjectId('60f5df5d69d3619336ac25d1'),
                              'arch_name': 'kunpeng_920_64_core',
                              'perf_val': 99.498},
                             {'_id': ObjectId('60f5e6c069d3619336ac2617'),
                              'arch_name': 'intel_xeon_6240',
                              'perf_val': 39.8684},
                             {'_id': ObjectId('60f5e94e69d3619336ac26e6'),
                              'arch_name': 'kunpeng_920_64_core_dual_socket',
                              'perf_val': 99.8843}],
          'syn_rmat_25_32': [{'_id': ObjectId('60f5da6969d3619336ac24ba'),
                              'arch_name': 'intel_xeon_6140',
                              'perf_val': 44.1633},
                             {'_id': ObjectId('60f5da7269d3619336ac2500'),
                              'arch_name': 'kunpeng_920_48_core',
                              'perf_val': 34.1549},
                             {'_id': ObjectId('60f5dc5569d3619336ac2546'),
                              'arch_name': 'kunpeng_920_48_core_dual_socket',
                              'perf_val': 50.3521},
                             {'_id': ObjectId('60f5de6669d3619336ac258c'),
                              'arch_name': 'intel_xeon_6140_dual_socket',
                              'perf_val': 67.1843},
                             {'_id': ObjectId('60f5df5d69d3619336ac25d2'),
                              'arch_name': 'kunpeng_920_64_core',
                              'perf_val': 53.838},
                             {'_id': ObjectId('60f5e6c069d3619336ac2618'),
                              'arch_name': 'intel_xeon_6240',
                              'perf_val': 16.9888},
                             {'_id': ObjectId('60f5e94e69d3619336ac26e7'),
                              'arch_name': 'kunpeng_920_64_core_dual_socket',
                              'perf_val': 46.624}],
          'syn_ru_18_32': [{'_id': ObjectId('60f5da6969d3619336ac24bb'),
                            'arch_name': 'intel_xeon_6140',
                            'perf_val': 149.5},
                           {'_id': ObjectId('60f5da7269d3619336ac2501'),
                            'arch_name': 'kunpeng_920_48_core',
                            'perf_val': 116.726},
                           {'_id': ObjectId('60f5dc5569d3619336ac2547'),
                            'arch_name': 'kunpeng_920_48_core_dual_socket',
                            'perf_val': 172.385},
                           {'_id': ObjectId('60f5de6669d3619336ac258d'),
                            'arch_name': 'intel_xeon_6140_dual_socket',
                            'perf_val': 184.601},
                           {'_id': ObjectId('60f5df5d69d3619336ac25d3'),
                            'arch_name': 'kunpeng_920_64_core',
                            'perf_val': 137.364},
                           {'_id': ObjectId('60f5e6c069d3619336ac2619'),
                            'arch_name': 'intel_xeon_6240',
                            'perf_val': 69.3105},
                           {'_id': ObjectId('60f5e94e69d3619336ac26e8'),
                            'arch_name': 'kunpeng_920_64_core_dual_socket',
                            'perf_val': 167.507}],
          'syn_ru_20_32': [{'_id': ObjectId('60f5da6969d3619336ac24bc'),
                            'arch_name': 'intel_xeon_6140',
                            'perf_val': 148.509},
                           {'_id': ObjectId('60f5da7269d3619336ac2502'),
                            'arch_name': 'kunpeng_920_48_core',
                            'perf_val': 89.698},
                           {'_id': ObjectId('60f5dc5569d3619336ac2548'),
                            'arch_name': 'kunpeng_920_48_core_dual_socket',
                            'perf_val': 157.988},
                           {'_id': ObjectId('60f5de6669d3619336ac258e'),
                            'arch_name': 'intel_xeon_6140_dual_socket',
                            'perf_val': 188.444},
                           {'_id': ObjectId('60f5df5d69d3619336ac25d4'),
                            'arch_name': 'kunpeng_920_64_core',
                            'perf_val': 108.622},
                           {'_id': ObjectId('60f5e6c069d3619336ac261a'),
                            'arch_name': 'intel_xeon_6240',
                            'perf_val': 52.8875},
                           {'_id': ObjectId('60f5e94e69d3619336ac26e9'),
                            'arch_name': 'kunpeng_920_64_core_dual_socket',
                            'perf_val': 182.13}],
          'syn_ru_22_32': [{'_id': ObjectId('60f5da6969d3619336ac24bd'),
                            'arch_name': 'intel_xeon_6140',
                            'perf_val': 96.8242},
                           {'_id': ObjectId('60f5da7269d3619336ac2503'),
                            'arch_name': 'kunpeng_920_48_core',
                            'perf_val': 72.5931},
                           {'_id': ObjectId('60f5dc5569d3619336ac2549'),
                            'arch_name': 'kunpeng_920_48_core_dual_socket',
                            'perf_val': 81.6121},
                           {'_id': ObjectId('60f5de6669d3619336ac258f'),
                            'arch_name': 'intel_xeon_6140_dual_socket',
                            'perf_val': 142.302},
                           {'_id': ObjectId('60f5df5d69d3619336ac25d5'),
                            'arch_name': 'kunpeng_920_64_core',
                            'perf_val': 79.2134},
                           {'_id': ObjectId('60f5e6c069d3619336ac261b'),
                            'arch_name': 'intel_xeon_6240',
                            'perf_val': 40.5673},
                           {'_id': ObjectId('60f5e94e69d3619336ac26ea'),
                            'arch_name': 'kunpeng_920_64_core_dual_socket',
                            'perf_val': 68.2073}],
          'syn_ru_23_32': [{'_id': ObjectId('60f5da6969d3619336ac24be'),
                            'arch_name': 'intel_xeon_6140',
                            'perf_val': 75.1193},
                           {'_id': ObjectId('60f5da7269d3619336ac2504'),
                            'arch_name': 'kunpeng_920_48_core',
                            'perf_val': 54.5561},
                           {'_id': ObjectId('60f5dc5569d3619336ac254a'),
                            'arch_name': 'kunpeng_920_48_core_dual_socket',
                            'perf_val': 56.9826},
                           {'_id': ObjectId('60f5de6669d3619336ac2590'),
                            'arch_name': 'intel_xeon_6140_dual_socket',
                            'perf_val': 103.879},
                           {'_id': ObjectId('60f5df5d69d3619336ac25d6'),
                            'arch_name': 'kunpeng_920_64_core',
                            'perf_val': 66.4838},
                           {'_id': ObjectId('60f5e6c069d3619336ac261c'),
                            'arch_name': 'intel_xeon_6240',
                            'perf_val': 23.2101},
                           {'_id': ObjectId('60f5e94e69d3619336ac26eb'),
                            'arch_name': 'kunpeng_920_64_core_dual_socket',
                            'perf_val': 53.5085}],
          'web_baidu': [{'_id': ObjectId('60f5da6969d3619336ac24c0'),
                         'arch_name': 'intel_xeon_6140',
                         'perf_val': 88.1002},
                        {'_id': ObjectId('60f5da7269d3619336ac2506'),
                         'arch_name': 'kunpeng_920_48_core',
                         'perf_val': 67.6834},
                        {'_id': ObjectId('60f5dc5569d3619336ac254c'),
                         'arch_name': 'kunpeng_920_48_core_dual_socket',
                         'perf_val': 93.7387},
                        {'_id': ObjectId('60f5de6669d3619336ac2592'),
                         'arch_name': 'intel_xeon_6140_dual_socket',
                         'perf_val': 114.731},
                        {'_id': ObjectId('60f5df5d69d3619336ac25d8'),
                         'arch_name': 'kunpeng_920_64_core',
                         'perf_val': 80.6336},
                        {'_id': ObjectId('60f5e6c069d3619336ac261e'),
                         'arch_name': 'intel_xeon_6240',
                         'perf_val': 34.1675},
                        {'_id': ObjectId('60f5e94e69d3619336ac26ed'),
                         'arch_name': 'kunpeng_920_64_core_dual_socket',
                         'perf_val': 96.3983}],
          'web_dbpedia': [{'_id': ObjectId('60f5da6969d3619336ac24c6'),
                           'arch_name': 'intel_xeon_6140',
                           'perf_val': 62.4258},
                          {'_id': ObjectId('60f5da7269d3619336ac250c'),
                           'arch_name': 'kunpeng_920_48_core',
                           'perf_val': 53.1634},
                          {'_id': ObjectId('60f5dc5569d3619336ac2552'),
                           'arch_name': 'kunpeng_920_48_core_dual_socket',
                           'perf_val': 58.8431},
                          {'_id': ObjectId('60f5de6669d3619336ac2598'),
                           'arch_name': 'intel_xeon_6140_dual_socket',
                           'perf_val': 85.9536},
                          {'_id': ObjectId('60f5df5d69d3619336ac25de'),
                           'arch_name': 'kunpeng_920_64_core',
                           'perf_val': 62.6243},
                          {'_id': ObjectId('60f5e6c069d3619336ac2624'),
                           'arch_name': 'intel_xeon_6240',
                           'perf_val': 22.5945},
                          {'_id': ObjectId('60f5e94e69d3619336ac26f3'),
                           'arch_name': 'kunpeng_920_64_core_dual_socket',
                           'perf_val': 54.9221}],
          'web_zhishi': [{'_id': ObjectId('60f5da6969d3619336ac24c5'),
                          'arch_name': 'intel_xeon_6140',
                          'perf_val': 68.863},
                         {'_id': ObjectId('60f5da7269d3619336ac250b'),
                          'arch_name': 'kunpeng_920_48_core',
                          'perf_val': 58.8567},
                         {'_id': ObjectId('60f5dc5569d3619336ac2551'),
                          'arch_name': 'kunpeng_920_48_core_dual_socket',
                          'perf_val': 65.0766},
                         {'_id': ObjectId('60f5de6669d3619336ac2597'),
                          'arch_name': 'intel_xeon_6140_dual_socket',
                          'perf_val': 102.39},
                         {'_id': ObjectId('60f5df5d69d3619336ac25dd'),
                          'arch_name': 'kunpeng_920_64_core',
                          'perf_val': 67.4383},
                         {'_id': ObjectId('60f5e6c069d3619336ac2623'),
                          'arch_name': 'intel_xeon_6240',
                          'perf_val': 26.0475},
                         {'_id': ObjectId('60f5e94e69d3619336ac26f2'),
                          'arch_name': 'kunpeng_920_64_core_dual_socket',
                          'perf_val': 61.3173}]},
 'pr': {'road_california': [{'_id': ObjectId('60f5da6969d3619336ac249f'),
                             'arch_name': 'intel_xeon_6140',
                             'perf_val': 978.282},
                            {'_id': ObjectId('60f5da7269d3619336ac24e5'),
                             'arch_name': 'kunpeng_920_48_core',
                             'perf_val': 1586.15},
                            {'_id': ObjectId('60f5dc5569d3619336ac252b'),
                             'arch_name': 'kunpeng_920_48_core_dual_socket',
                             'perf_val': 1984.44},
                            {'_id': ObjectId('60f5de6669d3619336ac2571'),
                             'arch_name': 'intel_xeon_6140_dual_socket',
                             'perf_val': 1183.36},
                            {'_id': ObjectId('60f5df5d69d3619336ac25b7'),
                             'arch_name': 'kunpeng_920_64_core',
                             'perf_val': 1910.35},
                            {'_id': ObjectId('60f5e6c069d3619336ac25fd'),
                             'arch_name': 'intel_xeon_6240',
                             'perf_val': 510.529},
                            {'_id': ObjectId('60f5e94e69d3619336ac26cc'),
                             'arch_name': 'kunpeng_920_64_core_dual_socket',
                             'perf_val': 1921.47}],
        'road_central_us': [{'_id': ObjectId('60f5da6969d3619336ac24a2'),
                             'arch_name': 'intel_xeon_6140',
                             'perf_val': 1068.59},
                            {'_id': ObjectId('60f5da7269d3619336ac24e8'),
                             'arch_name': 'kunpeng_920_48_core',
                             'perf_val': 1623.21},
                            {'_id': ObjectId('60f5dc5569d3619336ac252e'),
                             'arch_name': 'kunpeng_920_48_core_dual_socket',
                             'perf_val': 2165.44},
                            {'_id': ObjectId('60f5de6669d3619336ac2574'),
                             'arch_name': 'intel_xeon_6140_dual_socket',
                             'perf_val': 1473.64},
                            {'_id': ObjectId('60f5df5d69d3619336ac25ba'),
                             'arch_name': 'kunpeng_920_64_core',
                             'perf_val': 1855.49},
                            {'_id': ObjectId('60f5e6c069d3619336ac2600'),
                             'arch_name': 'intel_xeon_6240',
                             'perf_val': 441.705},
                            {'_id': ObjectId('60f5e94e69d3619336ac26cf'),
                             'arch_name': 'kunpeng_920_64_core_dual_socket',
                             'perf_val': 2413.16}],
        'road_full_us': [{'_id': ObjectId('60f5da6969d3619336ac24a1'),
                          'arch_name': 'intel_xeon_6140',
                          'perf_val': 1077.92},
                         {'_id': ObjectId('60f5da7269d3619336ac24e7'),
                          'arch_name': 'kunpeng_920_48_core',
                          'perf_val': 1602.74},
                         {'_id': ObjectId('60f5dc5569d3619336ac252d'),
                          'arch_name': 'kunpeng_920_48_core_dual_socket',
                          'perf_val': 2197.44},
                         {'_id': ObjectId('60f5de6669d3619336ac2573'),
                          'arch_name': 'intel_xeon_6140_dual_socket',
                          'perf_val': 1496.72},
                         {'_id': ObjectId('60f5df5d69d3619336ac25b9'),
                          'arch_name': 'kunpeng_920_64_core',
                          'perf_val': 1801.26},
                         {'_id': ObjectId('60f5e6c069d3619336ac25ff'),
                          'arch_name': 'intel_xeon_6240',
                          'perf_val': 431.785},
                         {'_id': ObjectId('60f5e94e69d3619336ac26ce'),
                          'arch_name': 'kunpeng_920_64_core_dual_socket',
                          'perf_val': 2327.13}],
        'soc_livejournal': [{'_id': ObjectId('60f5da6969d3619336ac24a0'),
                             'arch_name': 'intel_xeon_6140',
                             'perf_val': 1835.66},
                            {'_id': ObjectId('60f5da7269d3619336ac24e6'),
                             'arch_name': 'kunpeng_920_48_core',
                             'perf_val': 1224.61},
                            {'_id': ObjectId('60f5dc5569d3619336ac252c'),
                             'arch_name': 'kunpeng_920_48_core_dual_socket',
                             'perf_val': 1434.91},
                            {'_id': ObjectId('60f5de6669d3619336ac2572'),
                             'arch_name': 'intel_xeon_6140_dual_socket',
                             'perf_val': 2785.93},
                            {'_id': ObjectId('60f5df5d69d3619336ac25b8'),
                             'arch_name': 'kunpeng_920_64_core',
                             'perf_val': 1399.78},
                            {'_id': ObjectId('60f5e6c069d3619336ac25fe'),
                             'arch_name': 'intel_xeon_6240',
                             'perf_val': 698.772},
                            {'_id': ObjectId('60f5e94e69d3619336ac26cd'),
                             'arch_name': 'kunpeng_920_64_core_dual_socket',
                             'perf_val': 1406.87}],
        'soc_orkut': [{'_id': ObjectId('60f5da6969d3619336ac24a5'),
                       'arch_name': 'intel_xeon_6140',
                       'perf_val': 1897.89},
                      {'_id': ObjectId('60f5da7269d3619336ac24eb'),
                       'arch_name': 'kunpeng_920_48_core',
                       'perf_val': 1154.67},
                      {'_id': ObjectId('60f5dc5569d3619336ac2531'),
                       'arch_name': 'kunpeng_920_48_core_dual_socket',
                       'perf_val': 1775.99},
                      {'_id': ObjectId('60f5de6669d3619336ac2577'),
                       'arch_name': 'intel_xeon_6140_dual_socket',
                       'perf_val': 2950.8},
                      {'_id': ObjectId('60f5df5d69d3619336ac25bd'),
                       'arch_name': 'kunpeng_920_64_core',
                       'perf_val': 1300.41},
                      {'_id': ObjectId('60f5e6c069d3619336ac2603'),
                       'arch_name': 'intel_xeon_6240',
                       'perf_val': 757.673},
                      {'_id': ObjectId('60f5e94e69d3619336ac26d2'),
                       'arch_name': 'kunpeng_920_64_core_dual_socket',
                       'perf_val': 1781.82}],
        'soc_pokec': [{'_id': ObjectId('60f5da6969d3619336ac249d'),
                       'arch_name': 'intel_xeon_6140',
                       'perf_val': 1985.59},
                      {'_id': ObjectId('60f5da7269d3619336ac24e3'),
                       'arch_name': 'kunpeng_920_48_core',
                       'perf_val': 1230.51},
                      {'_id': ObjectId('60f5dc5569d3619336ac2529'),
                       'arch_name': 'kunpeng_920_48_core_dual_socket',
                       'perf_val': 1401.11},
                      {'_id': ObjectId('60f5de6669d3619336ac256f'),
                       'arch_name': 'intel_xeon_6140_dual_socket',
                       'perf_val': 2795.16},
                      {'_id': ObjectId('60f5df5d69d3619336ac25b5'),
                       'arch_name': 'kunpeng_920_64_core',
                       'perf_val': 1483.74},
                      {'_id': ObjectId('60f5e6c069d3619336ac25fb'),
                       'arch_name': 'intel_xeon_6240',
                       'perf_val': 759.267},
                      {'_id': ObjectId('60f5e94e69d3619336ac26ca'),
                       'arch_name': 'kunpeng_920_64_core_dual_socket',
                       'perf_val': 1713.45}],
        'syn_rmat_18_32': [{'_id': ObjectId('60f5da6969d3619336ac2494'),
                            'arch_name': 'intel_xeon_6140',
                            'perf_val': 2013.47},
                           {'_id': ObjectId('60f5da7269d3619336ac24da'),
                            'arch_name': 'kunpeng_920_48_core',
                            'perf_val': 1653.97},
                           {'_id': ObjectId('60f5dc5569d3619336ac2520'),
                            'arch_name': 'kunpeng_920_48_core_dual_socket',
                            'perf_val': 1668.29},
                           {'_id': ObjectId('60f5de6669d3619336ac2566'),
                            'arch_name': 'intel_xeon_6140_dual_socket',
                            'perf_val': 3175.22},
                           {'_id': ObjectId('60f5df5d69d3619336ac25ac'),
                            'arch_name': 'kunpeng_920_64_core',
                            'perf_val': 1759.38},
                           {'_id': ObjectId('60f5e6c069d3619336ac25f2'),
                            'arch_name': 'intel_xeon_6240',
                            'perf_val': 1247.94},
                           {'_id': ObjectId('60f5e94e69d3619336ac26c1'),
                            'arch_name': 'kunpeng_920_64_core_dual_socket',
                            'perf_val': 1790.17}],
        'syn_rmat_20_32': [{'_id': ObjectId('60f5da6969d3619336ac2495'),
                            'arch_name': 'intel_xeon_6140',
                            'perf_val': 2547.77},
                           {'_id': ObjectId('60f5da7269d3619336ac24db'),
                            'arch_name': 'kunpeng_920_48_core',
                            'perf_val': 1677.02},
                           {'_id': ObjectId('60f5dc5569d3619336ac2521'),
                            'arch_name': 'kunpeng_920_48_core_dual_socket',
                            'perf_val': 2281.1},
                           {'_id': ObjectId('60f5de6669d3619336ac2567'),
                            'arch_name': 'intel_xeon_6140_dual_socket',
                            'perf_val': 4006.36},
                           {'_id': ObjectId('60f5df5d69d3619336ac25ad'),
                            'arch_name': 'kunpeng_920_64_core',
                            'perf_val': 2067.82},
                           {'_id': ObjectId('60f5e6c069d3619336ac25f3'),
                            'arch_name': 'intel_xeon_6240',
                            'perf_val': 1034.59},
                           {'_id': ObjectId('60f5e94e69d3619336ac26c2'),
                            'arch_name': 'kunpeng_920_64_core_dual_socket',
                            'perf_val': 2553.95}],
        'syn_rmat_22_32': [{'_id': ObjectId('60f5da6969d3619336ac2496'),
                            'arch_name': 'intel_xeon_6140',
                            'perf_val': 2566.43},
                           {'_id': ObjectId('60f5da7269d3619336ac24dc'),
                            'arch_name': 'kunpeng_920_48_core',
                            'perf_val': 1512.38},
                           {'_id': ObjectId('60f5dc5569d3619336ac2522'),
                            'arch_name': 'kunpeng_920_48_core_dual_socket',
                            'perf_val': 1935.4},
                           {'_id': ObjectId('60f5de6669d3619336ac2568'),
                            'arch_name': 'intel_xeon_6140_dual_socket',
                            'perf_val': 3011.54},
                           {'_id': ObjectId('60f5df5d69d3619336ac25ae'),
                            'arch_name': 'kunpeng_920_64_core',
                            'perf_val': 1883.47},
                           {'_id': ObjectId('60f5e6c069d3619336ac25f4'),
                            'arch_name': 'intel_xeon_6240',
                            'perf_val': 878.781},
                           {'_id': ObjectId('60f5e94e69d3619336ac26c3'),
                            'arch_name': 'kunpeng_920_64_core_dual_socket',
                            'perf_val': 2065.14}],
        'syn_rmat_23_32': [{'_id': ObjectId('60f5da6969d3619336ac2497'),
                            'arch_name': 'intel_xeon_6140',
                            'perf_val': 2337.13},
                           {'_id': ObjectId('60f5da7269d3619336ac24dd'),
                            'arch_name': 'kunpeng_920_48_core',
                            'perf_val': 1402.07},
                           {'_id': ObjectId('60f5dc5569d3619336ac2523'),
                            'arch_name': 'kunpeng_920_48_core_dual_socket',
                            'perf_val': 1511.43},
                           {'_id': ObjectId('60f5de6669d3619336ac2569'),
                            'arch_name': 'intel_xeon_6140_dual_socket',
                            'perf_val': 3465.27},
                           {'_id': ObjectId('60f5df5d69d3619336ac25af'),
                            'arch_name': 'kunpeng_920_64_core',
                            'perf_val': 1675.35},
                           {'_id': ObjectId('60f5e6c069d3619336ac25f5'),
                            'arch_name': 'intel_xeon_6240',
                            'perf_val': 776.897},
                           {'_id': ObjectId('60f5e94e69d3619336ac26c4'),
                            'arch_name': 'kunpeng_920_64_core_dual_socket',
                            'perf_val': 1450.04}],
        'syn_rmat_25_32': [{'_id': ObjectId('60f5da6969d3619336ac2498'),
                            'arch_name': 'intel_xeon_6140',
                            'perf_val': 1500.6},
                           {'_id': ObjectId('60f5da7269d3619336ac24de'),
                            'arch_name': 'kunpeng_920_48_core',
                            'perf_val': 1024.47},
                           {'_id': ObjectId('60f5dc5569d3619336ac2524'),
                            'arch_name': 'kunpeng_920_48_core_dual_socket',
                            'perf_val': 1100.74},
                           {'_id': ObjectId('60f5de6669d3619336ac256a'),
                            'arch_name': 'intel_xeon_6140_dual_socket',
                            'perf_val': 2054.98},
                           {'_id': ObjectId('60f5df5d69d3619336ac25b0'),
                            'arch_name': 'kunpeng_920_64_core',
                            'perf_val': 1242.04},
                           {'_id': ObjectId('60f5e6c069d3619336ac25f6'),
                            'arch_name': 'intel_xeon_6240',
                            'perf_val': 498.782},
                           {'_id': ObjectId('60f5e94e69d3619336ac26c5'),
                            'arch_name': 'kunpeng_920_64_core_dual_socket',
                            'perf_val': 1078.42}],
        'syn_ru_18_32': [{'_id': ObjectId('60f5da6969d3619336ac2499'),
                          'arch_name': 'intel_xeon_6140',
                          'perf_val': 2245.86},
                         {'_id': ObjectId('60f5da7269d3619336ac24df'),
                          'arch_name': 'kunpeng_920_48_core',
                          'perf_val': 1577.02},
                         {'_id': ObjectId('60f5dc5569d3619336ac2525'),
                          'arch_name': 'kunpeng_920_48_core_dual_socket',
                          'perf_val': 2768.48},
                         {'_id': ObjectId('60f5de6669d3619336ac256b'),
                          'arch_name': 'intel_xeon_6140_dual_socket',
                          'perf_val': 3674.95},
                         {'_id': ObjectId('60f5df5d69d3619336ac25b1'),
                          'arch_name': 'kunpeng_920_64_core',
                          'perf_val': 2006.43},
                         {'_id': ObjectId('60f5e6c069d3619336ac25f7'),
                          'arch_name': 'intel_xeon_6240',
                          'perf_val': 983.791},
                         {'_id': ObjectId('60f5e94e69d3619336ac26c6'),
                          'arch_name': 'kunpeng_920_64_core_dual_socket',
                          'perf_val': 2879.25}],
        'syn_ru_20_32': [{'_id': ObjectId('60f5da6969d3619336ac249a'),
                          'arch_name': 'intel_xeon_6140',
                          'perf_val': 2013.59},
                         {'_id': ObjectId('60f5da7269d3619336ac24e0'),
                          'arch_name': 'kunpeng_920_48_core',
                          'perf_val': 1176.42},
                         {'_id': ObjectId('60f5dc5569d3619336ac2526'),
                          'arch_name': 'kunpeng_920_48_core_dual_socket',
                          'perf_val': 1796.78},
                         {'_id': ObjectId('60f5de6669d3619336ac256c'),
                          'arch_name': 'intel_xeon_6140_dual_socket',
                          'perf_val': 2911.36},
                         {'_id': ObjectId('60f5df5d69d3619336ac25b2'),
                          'arch_name': 'kunpeng_920_64_core',
                          'perf_val': 1234.65},
                         {'_id': ObjectId('60f5e6c069d3619336ac25f8'),
                          'arch_name': 'intel_xeon_6240',
                          'perf_val': 718.352},
                         {'_id': ObjectId('60f5e94e69d3619336ac26c7'),
                          'arch_name': 'kunpeng_920_64_core_dual_socket',
                          'perf_val': 2304.1}],
        'syn_ru_22_32': [{'_id': ObjectId('60f5da6969d3619336ac249b'),
                          'arch_name': 'intel_xeon_6140',
                          'perf_val': 1391.42},
                         {'_id': ObjectId('60f5da7269d3619336ac24e1'),
                          'arch_name': 'kunpeng_920_48_core',
                          'perf_val': 973.707},
                         {'_id': ObjectId('60f5dc5569d3619336ac2527'),
                          'arch_name': 'kunpeng_920_48_core_dual_socket',
                          'perf_val': 1483.7},
                         {'_id': ObjectId('60f5de6669d3619336ac256d'),
                          'arch_name': 'intel_xeon_6140_dual_socket',
                          'perf_val': 1978.92},
                         {'_id': ObjectId('60f5df5d69d3619336ac25b3'),
                          'arch_name': 'kunpeng_920_64_core',
                          'perf_val': 919.65},
                         {'_id': ObjectId('60f5e6c069d3619336ac25f9'),
                          'arch_name': 'intel_xeon_6240',
                          'perf_val': 587.762},
                         {'_id': ObjectId('60f5e94e69d3619336ac26c8'),
                          'arch_name': 'kunpeng_920_64_core_dual_socket',
                          'perf_val': 1456.54}],
        'syn_ru_23_32': [{'_id': ObjectId('60f5da6969d3619336ac249c'),
                          'arch_name': 'intel_xeon_6140',
                          'perf_val': 996.617},
                         {'_id': ObjectId('60f5da7269d3619336ac24e2'),
                          'arch_name': 'kunpeng_920_48_core',
                          'perf_val': 763.084},
                         {'_id': ObjectId('60f5dc5569d3619336ac2528'),
                          'arch_name': 'kunpeng_920_48_core_dual_socket',
                          'perf_val': 719.595},
                         {'_id': ObjectId('60f5de6669d3619336ac256e'),
                          'arch_name': 'intel_xeon_6140_dual_socket',
                          'perf_val': 1397.99},
                         {'_id': ObjectId('60f5df5d69d3619336ac25b4'),
                          'arch_name': 'kunpeng_920_64_core',
                          'perf_val': 696.464},
                         {'_id': ObjectId('60f5e6c069d3619336ac25fa'),
                          'arch_name': 'intel_xeon_6240',
                          'perf_val': 274.344},
                         {'_id': ObjectId('60f5e94e69d3619336ac26c9'),
                          'arch_name': 'kunpeng_920_64_core_dual_socket',
                          'perf_val': 672.146}],
        'web_baidu': [{'_id': ObjectId('60f5da6969d3619336ac249e'),
                       'arch_name': 'intel_xeon_6140',
                       'perf_val': 2126.2},
                      {'_id': ObjectId('60f5da7269d3619336ac24e4'),
                       'arch_name': 'kunpeng_920_48_core',
                       'perf_val': 1649.13},
                      {'_id': ObjectId('60f5dc5569d3619336ac252a'),
                       'arch_name': 'kunpeng_920_48_core_dual_socket',
                       'perf_val': 2644.96},
                      {'_id': ObjectId('60f5de6669d3619336ac2570'),
                       'arch_name': 'intel_xeon_6140_dual_socket',
                       'perf_val': 2912.69},
                      {'_id': ObjectId('60f5df5d69d3619336ac25b6'),
                       'arch_name': 'kunpeng_920_64_core',
                       'perf_val': 2043.59},
                      {'_id': ObjectId('60f5e6c069d3619336ac25fc'),
                       'arch_name': 'intel_xeon_6240',
                       'perf_val': 858.545},
                      {'_id': ObjectId('60f5e94e69d3619336ac26cb'),
                       'arch_name': 'kunpeng_920_64_core_dual_socket',
                       'perf_val': 2960.74}],
        'web_dbpedia': [{'_id': ObjectId('60f5da6969d3619336ac24a4'),
                         'arch_name': 'intel_xeon_6140',
                         'perf_val': 1665.01},
                        {'_id': ObjectId('60f5da7269d3619336ac24ea'),
                         'arch_name': 'kunpeng_920_48_core',
                         'perf_val': 1231.25},
                        {'_id': ObjectId('60f5dc5569d3619336ac2530'),
                         'arch_name': 'kunpeng_920_48_core_dual_socket',
                         'perf_val': 951.797},
                        {'_id': ObjectId('60f5de6669d3619336ac2576'),
                         'arch_name': 'intel_xeon_6140_dual_socket',
                         'perf_val': 2512.7},
                        {'_id': ObjectId('60f5df5d69d3619336ac25bc'),
                         'arch_name': 'kunpeng_920_64_core',
                         'perf_val': 1462.12},
                        {'_id': ObjectId('60f5e6c069d3619336ac2602'),
                         'arch_name': 'intel_xeon_6240',
                         'perf_val': 573.814},
                        {'_id': ObjectId('60f5e94e69d3619336ac26d1'),
                         'arch_name': 'kunpeng_920_64_core_dual_socket',
                         'perf_val': 1079.4}],
        'web_zhishi': [{'_id': ObjectId('60f5da6969d3619336ac24a3'),
                        'arch_name': 'intel_xeon_6140',
                        'perf_val': 1953.57},
                       {'_id': ObjectId('60f5da7269d3619336ac24e9'),
                        'arch_name': 'kunpeng_920_48_core',
                        'perf_val': 1442.47},
                       {'_id': ObjectId('60f5dc5569d3619336ac252f'),
                        'arch_name': 'kunpeng_920_48_core_dual_socket',
                        'perf_val': 1903.48},
                       {'_id': ObjectId('60f5de6669d3619336ac2575'),
                        'arch_name': 'intel_xeon_6140_dual_socket',
                        'perf_val': 2707.74},
                       {'_id': ObjectId('60f5df5d69d3619336ac25bb'),
                        'arch_name': 'kunpeng_920_64_core',
                        'perf_val': 1760.16},
                       {'_id': ObjectId('60f5e6c069d3619336ac2601'),
                        'arch_name': 'intel_xeon_6240',
                        'perf_val': 685.445},
                       {'_id': ObjectId('60f5e94e69d3619336ac26d0'),
                        'arch_name': 'kunpeng_920_64_core_dual_socket',
                        'perf_val': 1933.09}]},
 'sssp': {'road_california': [{'_id': ObjectId('60f5da6969d3619336ac24b1'),
                               'arch_name': 'intel_xeon_6140',
                               'perf_val': 838.506},
                              {'_id': ObjectId('60f5da7269d3619336ac24f7'),
                               'arch_name': 'kunpeng_920_48_core',
                               'perf_val': 1338.58},
                              {'_id': ObjectId('60f5dc5569d3619336ac253d'),
                               'arch_name': 'kunpeng_920_48_core_dual_socket',
                               'perf_val': 1759.59},
                              {'_id': ObjectId('60f5de6669d3619336ac2583'),
                               'arch_name': 'intel_xeon_6140_dual_socket',
                               'perf_val': 1059.54},
                              {'_id': ObjectId('60f5df5d69d3619336ac25c9'),
                               'arch_name': 'kunpeng_920_64_core',
                               'perf_val': 1564.42},
                              {'_id': ObjectId('60f5e6c069d3619336ac260f'),
                               'arch_name': 'intel_xeon_6240',
                               'perf_val': 408.768},
                              {'_id': ObjectId('60f5e94e69d3619336ac26de'),
                               'arch_name': 'kunpeng_920_64_core_dual_socket',
                               'perf_val': 1637.12}],
          'road_central_us': [],
          'road_full_us': [],
          'soc_livejournal': [{'_id': ObjectId('60f5da6969d3619336ac24b2'),
                               'arch_name': 'intel_xeon_6140',
                               'perf_val': 385.586},
                              {'_id': ObjectId('60f5da7269d3619336ac24f8'),
                               'arch_name': 'kunpeng_920_48_core',
                               'perf_val': 251.454},
                              {'_id': ObjectId('60f5dc5569d3619336ac253e'),
                               'arch_name': 'kunpeng_920_48_core_dual_socket',
                               'perf_val': 378.957},
                              {'_id': ObjectId('60f5de6669d3619336ac2584'),
                               'arch_name': 'intel_xeon_6140_dual_socket',
                               'perf_val': 497.713},
                              {'_id': ObjectId('60f5df5d69d3619336ac25ca'),
                               'arch_name': 'kunpeng_920_64_core',
                               'perf_val': 324.734},
                              {'_id': ObjectId('60f5e6c069d3619336ac2610'),
                               'arch_name': 'intel_xeon_6240',
                               'perf_val': 117.652},
                              {'_id': ObjectId('60f5e94e69d3619336ac26df'),
                               'arch_name': 'kunpeng_920_64_core_dual_socket',
                               'perf_val': 344.208}],
          'soc_orkut': [{'_id': ObjectId('60f5da6969d3619336ac24b5'),
                         'arch_name': 'intel_xeon_6140',
                         'perf_val': 382.539},
                        {'_id': ObjectId('60f5da7269d3619336ac24fb'),
                         'arch_name': 'kunpeng_920_48_core',
                         'perf_val': 194.388},
                        {'_id': ObjectId('60f5dc5569d3619336ac2541'),
                         'arch_name': 'kunpeng_920_48_core_dual_socket',
                         'perf_val': 354.442},
                        {'_id': ObjectId('60f5de6669d3619336ac2587'),
                         'arch_name': 'intel_xeon_6140_dual_socket',
                         'perf_val': 484.504},
                        {'_id': ObjectId('60f5df5d69d3619336ac25cd'),
                         'arch_name': 'kunpeng_920_64_core',
                         'perf_val': 250.459},
                        {'_id': ObjectId('60f5e6c069d3619336ac2613'),
                         'arch_name': 'intel_xeon_6240',
                         'perf_val': 103.201},
                        {'_id': ObjectId('60f5e94e69d3619336ac26e2'),
                         'arch_name': 'kunpeng_920_64_core_dual_socket',
                         'perf_val': 318.503}],
          'soc_pokec': [{'_id': ObjectId('60f5da6969d3619336ac24af'),
                         'arch_name': 'intel_xeon_6140',
                         'perf_val': 544.502},
                        {'_id': ObjectId('60f5da7269d3619336ac24f5'),
                         'arch_name': 'kunpeng_920_48_core',
                         'perf_val': 294.755},
                        {'_id': ObjectId('60f5dc5569d3619336ac253b'),
                         'arch_name': 'kunpeng_920_48_core_dual_socket',
                         'perf_val': 490.947},
                        {'_id': ObjectId('60f5de6669d3619336ac2581'),
                         'arch_name': 'intel_xeon_6140_dual_socket',
                         'perf_val': 619.177},
                        {'_id': ObjectId('60f5df5d69d3619336ac25c7'),
                         'arch_name': 'kunpeng_920_64_core',
                         'perf_val': 438.59},
                        {'_id': ObjectId('60f5e6c069d3619336ac260d'),
                         'arch_name': 'intel_xeon_6240',
                         'perf_val': 137.839},
                        {'_id': ObjectId('60f5e94e69d3619336ac26dc'),
                         'arch_name': 'kunpeng_920_64_core_dual_socket',
                         'perf_val': 618.241}],
          'syn_rmat_18_32': [{'_id': ObjectId('60f5da6969d3619336ac24a6'),
                              'arch_name': 'intel_xeon_6140',
                              'perf_val': 1325.16},
                             {'_id': ObjectId('60f5da7269d3619336ac24ec'),
                              'arch_name': 'kunpeng_920_48_core',
                              'perf_val': 1776.75},
                             {'_id': ObjectId('60f5dc5569d3619336ac2532'),
                              'arch_name': 'kunpeng_920_48_core_dual_socket',
                              'perf_val': 2661.85},
                             {'_id': ObjectId('60f5de6669d3619336ac2578'),
                              'arch_name': 'intel_xeon_6140_dual_socket',
                              'perf_val': 1318.14},
                             {'_id': ObjectId('60f5df5d69d3619336ac25be'),
                              'arch_name': 'kunpeng_920_64_core',
                              'perf_val': 2070.4},
                             {'_id': ObjectId('60f5e6c069d3619336ac2604'),
                              'arch_name': 'intel_xeon_6240',
                              'perf_val': 536.343},
                             {'_id': ObjectId('60f5e94e69d3619336ac26d3'),
                              'arch_name': 'kunpeng_920_64_core_dual_socket',
                              'perf_val': 2622.86}],
          'syn_rmat_20_32': [{'_id': ObjectId('60f5da6969d3619336ac24a7'),
                              'arch_name': 'intel_xeon_6140',
                              'perf_val': 1267.45},
                             {'_id': ObjectId('60f5da7269d3619336ac24ed'),
                              'arch_name': 'kunpeng_920_48_core',
                              'perf_val': 1195.87},
                             {'_id': ObjectId('60f5dc5569d3619336ac2533'),
                              'arch_name': 'kunpeng_920_48_core_dual_socket',
                              'perf_val': 1470.83},
                             {'_id': ObjectId('60f5de6669d3619336ac2579'),
                              'arch_name': 'intel_xeon_6140_dual_socket',
                              'perf_val': 1387.73},
                             {'_id': ObjectId('60f5df5d69d3619336ac25bf'),
                              'arch_name': 'kunpeng_920_64_core',
                              'perf_val': 1390.21},
                             {'_id': ObjectId('60f5e6c069d3619336ac2605'),
                              'arch_name': 'intel_xeon_6240',
                              'perf_val': 437.865},
                             {'_id': ObjectId('60f5e94e69d3619336ac26d4'),
                              'arch_name': 'kunpeng_920_64_core_dual_socket',
                              'perf_val': 1407.64}],
          'syn_rmat_22_32': [{'_id': ObjectId('60f5da6969d3619336ac24a8'),
                              'arch_name': 'intel_xeon_6140',
                              'perf_val': 952.836},
                             {'_id': ObjectId('60f5da7269d3619336ac24ee'),
                              'arch_name': 'kunpeng_920_48_core',
                              'perf_val': 856.136},
                             {'_id': ObjectId('60f5dc5569d3619336ac2534'),
                              'arch_name': 'kunpeng_920_48_core_dual_socket',
                              'perf_val': 931.861},
                             {'_id': ObjectId('60f5de6669d3619336ac257a'),
                              'arch_name': 'intel_xeon_6140_dual_socket',
                              'perf_val': 1283.4},
                             {'_id': ObjectId('60f5df5d69d3619336ac25c0'),
                              'arch_name': 'kunpeng_920_64_core',
                              'perf_val': 1066.42},
                             {'_id': ObjectId('60f5e6c069d3619336ac2606'),
                              'arch_name': 'intel_xeon_6240',
                              'perf_val': 278.294},
                             {'_id': ObjectId('60f5e94e69d3619336ac26d5'),
                              'arch_name': 'kunpeng_920_64_core_dual_socket',
                              'perf_val': 964.811}],
          'syn_rmat_23_32': [{'_id': ObjectId('60f5da6969d3619336ac24a9'),
                              'arch_name': 'intel_xeon_6140',
                              'perf_val': 865.181},
                             {'_id': ObjectId('60f5da7269d3619336ac24ef'),
                              'arch_name': 'kunpeng_920_48_core',
                              'perf_val': 725.099},
                             {'_id': ObjectId('60f5dc5569d3619336ac2535'),
                              'arch_name': 'kunpeng_920_48_core_dual_socket',
                              'perf_val': 744.64},
                             {'_id': ObjectId('60f5de6669d3619336ac257b'),
                              'arch_name': 'intel_xeon_6140_dual_socket',
                              'perf_val': 1042.3},
                             {'_id': ObjectId('60f5df5d69d3619336ac25c1'),
                              'arch_name': 'kunpeng_920_64_core',
                              'perf_val': 933.252},
                             {'_id': ObjectId('60f5e6c069d3619336ac2607'),
                              'arch_name': 'intel_xeon_6240',
                              'perf_val': 242.795},
                             {'_id': ObjectId('60f5e94e69d3619336ac26d6'),
                              'arch_name': 'kunpeng_920_64_core_dual_socket',
                              'perf_val': 1186.55}],
          'syn_rmat_25_32': [{'_id': ObjectId('60f5da6969d3619336ac24aa'),
                              'arch_name': 'intel_xeon_6140',
                              'perf_val': 462.212},
                             {'_id': ObjectId('60f5da7269d3619336ac24f0'),
                              'arch_name': 'kunpeng_920_48_core',
                              'perf_val': 321.032},
                             {'_id': ObjectId('60f5dc5569d3619336ac2536'),
                              'arch_name': 'kunpeng_920_48_core_dual_socket',
                              'perf_val': 512.728},
                             {'_id': ObjectId('60f5de6669d3619336ac257c'),
                              'arch_name': 'intel_xeon_6140_dual_socket',
                              'perf_val': 598.403},
                             {'_id': ObjectId('60f5df5d69d3619336ac25c2'),
                              'arch_name': 'kunpeng_920_64_core',
                              'perf_val': 488.779},
                             {'_id': ObjectId('60f5e6c069d3619336ac2608'),
                              'arch_name': 'intel_xeon_6240',
                              'perf_val': 136.485},
                             {'_id': ObjectId('60f5e94e69d3619336ac26d7'),
                              'arch_name': 'kunpeng_920_64_core_dual_socket',
                              'perf_val': 395.602}],
          'syn_ru_18_32': [{'_id': ObjectId('60f5da6969d3619336ac24ab'),
                            'arch_name': 'intel_xeon_6140',
                            'perf_val': 801.604},
                           {'_id': ObjectId('60f5da7269d3619336ac24f1'),
                            'arch_name': 'kunpeng_920_48_core',
                            'perf_val': 641.469},
                           {'_id': ObjectId('60f5dc5569d3619336ac2537'),
                            'arch_name': 'kunpeng_920_48_core_dual_socket',
                            'perf_val': 993.857},
                           {'_id': ObjectId('60f5de6669d3619336ac257d'),
                            'arch_name': 'intel_xeon_6140_dual_socket',
                            'perf_val': 906.733},
                           {'_id': ObjectId('60f5df5d69d3619336ac25c3'),
                            'arch_name': 'kunpeng_920_64_core',
                            'perf_val': 815.031},
                           {'_id': ObjectId('60f5e6c069d3619336ac2609'),
                            'arch_name': 'intel_xeon_6240',
                            'perf_val': 228.104},
                           {'_id': ObjectId('60f5e94e69d3619336ac26d8'),
                            'arch_name': 'kunpeng_920_64_core_dual_socket',
                            'perf_val': 1089.46}],
          'syn_ru_20_32': [{'_id': ObjectId('60f5da6969d3619336ac24ac'),
                            'arch_name': 'intel_xeon_6140',
                            'perf_val': 756.648},
                           {'_id': ObjectId('60f5da7269d3619336ac24f2'),
                            'arch_name': 'kunpeng_920_48_core',
                            'perf_val': 382.097},
                           {'_id': ObjectId('60f5dc5569d3619336ac2538'),
                            'arch_name': 'kunpeng_920_48_core_dual_socket',
                            'perf_val': 638.354},
                           {'_id': ObjectId('60f5de6669d3619336ac257e'),
                            'arch_name': 'intel_xeon_6140_dual_socket',
                            'perf_val': 727.539},
                           {'_id': ObjectId('60f5df5d69d3619336ac25c4'),
                            'arch_name': 'kunpeng_920_64_core',
                            'perf_val': 615.735},
                           {'_id': ObjectId('60f5e6c069d3619336ac260a'),
                            'arch_name': 'intel_xeon_6240',
                            'perf_val': 179.884},
                           {'_id': ObjectId('60f5e94e69d3619336ac26d9'),
                            'arch_name': 'kunpeng_920_64_core_dual_socket',
                            'perf_val': 827.473}],
          'syn_ru_22_32': [{'_id': ObjectId('60f5da6969d3619336ac24ad'),
                            'arch_name': 'intel_xeon_6140',
                            'perf_val': 526.043},
                           {'_id': ObjectId('60f5da7269d3619336ac24f3'),
                            'arch_name': 'kunpeng_920_48_core',
                            'perf_val': 295.862},
                           {'_id': ObjectId('60f5dc5569d3619336ac2539'),
                            'arch_name': 'kunpeng_920_48_core_dual_socket',
                            'perf_val': 453.523},
                           {'_id': ObjectId('60f5de6669d3619336ac257f'),
                            'arch_name': 'intel_xeon_6140_dual_socket',
                            'perf_val': 714.907},
                           {'_id': ObjectId('60f5df5d69d3619336ac25c5'),
                            'arch_name': 'kunpeng_920_64_core',
                            'perf_val': 386.557},
                           {'_id': ObjectId('60f5e6c069d3619336ac260b'),
                            'arch_name': 'intel_xeon_6240',
                            'perf_val': 175.326},
                           {'_id': ObjectId('60f5e94e69d3619336ac26da'),
                            'arch_name': 'kunpeng_920_64_core_dual_socket',
                            'perf_val': 508.035}],
          'syn_ru_23_32': [{'_id': ObjectId('60f5da6969d3619336ac24ae'),
                            'arch_name': 'intel_xeon_6140',
                            'perf_val': 304.968},
                           {'_id': ObjectId('60f5da7269d3619336ac24f4'),
                            'arch_name': 'kunpeng_920_48_core',
                            'perf_val': 272.973},
                           {'_id': ObjectId('60f5dc5569d3619336ac253a'),
                            'arch_name': 'kunpeng_920_48_core_dual_socket',
                            'perf_val': 291.979},
                           {'_id': ObjectId('60f5de6669d3619336ac2580'),
                            'arch_name': 'intel_xeon_6140_dual_socket',
                            'perf_val': 441.671},
                           {'_id': ObjectId('60f5df5d69d3619336ac25c6'),
                            'arch_name': 'kunpeng_920_64_core',
                            'perf_val': 340.837},
                           {'_id': ObjectId('60f5e6c069d3619336ac260c'),
                            'arch_name': 'intel_xeon_6240',
                            'perf_val': 144.656},
                           {'_id': ObjectId('60f5e94e69d3619336ac26db'),
                            'arch_name': 'kunpeng_920_64_core_dual_socket',
                            'perf_val': 368.796}],
          'web_baidu': [{'_id': ObjectId('60f5da6969d3619336ac24b0'),
                         'arch_name': 'intel_xeon_6140',
                         'perf_val': 342.279},
                        {'_id': ObjectId('60f5da7269d3619336ac24f6'),
                         'arch_name': 'kunpeng_920_48_core',
                         'perf_val': 328.508},
                        {'_id': ObjectId('60f5dc5569d3619336ac253c'),
                         'arch_name': 'kunpeng_920_48_core_dual_socket',
                         'perf_val': 501.521},
                        {'_id': ObjectId('60f5de6669d3619336ac2582'),
                         'arch_name': 'intel_xeon_6140_dual_socket',
                         'perf_val': 449.918},
                        {'_id': ObjectId('60f5df5d69d3619336ac25c8'),
                         'arch_name': 'kunpeng_920_64_core',
                         'perf_val': 381.286},
                        {'_id': ObjectId('60f5e6c069d3619336ac260e'),
                         'arch_name': 'intel_xeon_6240',
                         'perf_val': 121.602},
                        {'_id': ObjectId('60f5e94e69d3619336ac26dd'),
                         'arch_name': 'kunpeng_920_64_core_dual_socket',
                         'perf_val': 497.884}],
          'web_dbpedia': [{'_id': ObjectId('60f5da6969d3619336ac24b4'),
                           'arch_name': 'intel_xeon_6140',
                           'perf_val': 77.0925},
                          {'_id': ObjectId('60f5da7269d3619336ac24fa'),
                           'arch_name': 'kunpeng_920_48_core',
                           'perf_val': 51.8737},
                          {'_id': ObjectId('60f5dc5569d3619336ac2540'),
                           'arch_name': 'kunpeng_920_48_core_dual_socket',
                           'perf_val': 86.1485},
                          {'_id': ObjectId('60f5de6669d3619336ac2586'),
                           'arch_name': 'intel_xeon_6140_dual_socket',
                           'perf_val': 121.051},
                          {'_id': ObjectId('60f5df5d69d3619336ac25cc'),
                           'arch_name': 'kunpeng_920_64_core',
                           'perf_val': 71.6555},
                          {'_id': ObjectId('60f5e6c069d3619336ac2612'),
                           'arch_name': 'intel_xeon_6240',
                           'perf_val': 23.3609},
                          {'_id': ObjectId('60f5e94e69d3619336ac26e1'),
                           'arch_name': 'kunpeng_920_64_core_dual_socket',
                           'perf_val': 92.0887}],
          'web_zhishi': [{'_id': ObjectId('60f5da6969d3619336ac24b3'),
                          'arch_name': 'intel_xeon_6140',
                          'perf_val': 1652.22},
                         {'_id': ObjectId('60f5da7269d3619336ac24f9'),
                          'arch_name': 'kunpeng_920_48_core'